<?xml version="1.0" encoding="UTF-8"?>
<!-- Generated by org.testng.reporters.JUnitReportReporter -->
<testsuite hostname="LAPTOP-82PU0LMB" failures="0" tests="1" name="selGrid2" time="9.625" errors="0" timestamp="2022-09-23T16:51:18 IST" skipped="0">
  <testcase classname="selGrid2" name="HomePage3Check" time="9.625"/>
  <system-out/>
</testsuite> <!-- selGrid2 -->
